2024-09-06 19:23:30 - Starting NCBI PMC Figure Fetcher

2024-09-06 19:23:30 - Configuration loaded from query_config.yml

2024-09-06 19:23:30 - PMC search query: (((((((((((signaling pathway[Figure/Table Caption]) OR signalling pathway[Figure/Table Caption]) OR regulatory pathway[Figure/Table Caption]) OR disease pathway[Figure/Table Caption]) OR drug pathway[Figure/Table Caption]) OR metabolic pathway[Figure/Table Caption]) OR biosynthetic pathway[Figure/Table Caption]) OR synthesis pathway[Figure/Table Caption]) OR cancer pathway[Figure/Table Caption]) OR response pathway[Figure/Table Caption]) OR cycle pathway[Figure/Table Caption])) AND (2023/09/01[PUBDATE] : 2023/10/01[PUBDATE])

2024-09-06 19:23:53 - PMC search completed. Fetched 1006 results (max set to 3000).

2024-09-06 19:47:12 - Extracted 1427 figures from XML content

2024-09-06 19:58:31 - Failed to download image after 3 attempts.

2024-09-06 20:33:02 - Total pathway figures found: 1427

2024-09-06 20:33:02 - New pathway figures downloaded: 1426

2024-09-06 20:33:02 - NCBI PMC Figure Fetcher completed

2024-09-06 20:33:02 - ==========================================================

2024-09-07 16:36:33 - Starting NCBI PMC Figure Fetcher

2024-09-07 16:36:33 - Configuration loaded from query_config.yml

2024-09-07 16:36:33 - PMC search query: (((((((((((signaling pathway[Figure/Table Caption]) OR signalling pathway[Figure/Table Caption]) OR regulatory pathway[Figure/Table Caption]) OR disease pathway[Figure/Table Caption]) OR drug pathway[Figure/Table Caption]) OR metabolic pathway[Figure/Table Caption]) OR biosynthetic pathway[Figure/Table Caption]) OR synthesis pathway[Figure/Table Caption]) OR cancer pathway[Figure/Table Caption]) OR response pathway[Figure/Table Caption]) OR cycle pathway[Figure/Table Caption])) AND (2023/10/01[PUBDATE] : 2023/11/01[PUBDATE])

2024-09-07 16:36:55 - PMC search completed. Fetched 1022 results (max set to 3000).

2024-09-07 16:37:09 - Extracted 451 figures from XML content

2024-09-07 16:45:15 - Total pathway figures found: 451

2024-09-07 16:45:15 - New pathway figures downloaded: 451

2024-09-07 16:45:15 - NCBI PMC Figure Fetcher completed

2024-09-07 16:45:15 - ==========================================================

2024-09-07 16:50:20 - Starting NCBI PMC Figure Fetcher

2024-09-07 16:50:20 - Configuration loaded from query_config.yml

2024-09-07 16:50:21 - PMC search query: (((((((((((signaling pathway[Figure/Table Caption]) OR signalling pathway[Figure/Table Caption]) OR regulatory pathway[Figure/Table Caption]) OR disease pathway[Figure/Table Caption]) OR drug pathway[Figure/Table Caption]) OR metabolic pathway[Figure/Table Caption]) OR biosynthetic pathway[Figure/Table Caption]) OR synthesis pathway[Figure/Table Caption]) OR cancer pathway[Figure/Table Caption]) OR response pathway[Figure/Table Caption]) OR cycle pathway[Figure/Table Caption])) AND (2023/04/01[PUBDATE] : 2023/05/01[PUBDATE])

2024-09-07 16:50:48 - PMC search completed. Fetched 1093 results (max set to 3000).

2024-09-07 16:51:02 - Extracted 543 figures from XML content

2024-09-07 17:00:07 - Total pathway figures found: 543

2024-09-07 17:00:07 - New pathway figures downloaded: 543

2024-09-07 17:00:07 - NCBI PMC Figure Fetcher completed

2024-09-07 17:00:07 - ==========================================================

2024-09-08 01:17:58 - Starting NCBI PMC Figure Fetcher

2024-09-08 01:17:58 - Configuration loaded from query_config.yml

2024-09-08 01:17:58 - PMC search query: (((((((((((signaling pathway[Figure/Table Caption]) OR signalling pathway[Figure/Table Caption]) OR regulatory pathway[Figure/Table Caption]) OR disease pathway[Figure/Table Caption]) OR drug pathway[Figure/Table Caption]) OR metabolic pathway[Figure/Table Caption]) OR biosynthetic pathway[Figure/Table Caption]) OR synthesis pathway[Figure/Table Caption]) OR cancer pathway[Figure/Table Caption]) OR response pathway[Figure/Table Caption]) OR cycle pathway[Figure/Table Caption])) AND (2023/11/01[PUBDATE] : 2023/12/01[PUBDATE])

2024-09-08 01:18:21 - PMC search completed. Fetched 1091 results (max set to 3000).

2024-09-08 01:18:31 - Extracted 1 figures from XML content.

2024-09-08 01:18:31 - Identified 1 pathway figures.

2024-09-08 01:18:31 - Skipped 1 figures previously processed.

2024-09-08 01:18:31 - Processed 473 pathway figures for download.

2024-09-08 01:24:55 - New pathway figures downloaded: 473

2024-09-08 01:24:55 - NCBI PMC Figure Fetcher completed

2024-09-08 01:24:55 - ==========================================================

2024-09-08 01:47:00 - Starting NCBI PMC Figure Fetcher

2024-09-08 01:47:00 - Configuration loaded from query_config.yml

2024-09-08 01:47:01 - PMC search query: (((((((((((signaling pathway[Figure/Table Caption]) OR signalling pathway[Figure/Table Caption]) OR regulatory pathway[Figure/Table Caption]) OR disease pathway[Figure/Table Caption]) OR drug pathway[Figure/Table Caption]) OR metabolic pathway[Figure/Table Caption]) OR biosynthetic pathway[Figure/Table Caption]) OR synthesis pathway[Figure/Table Caption]) OR cancer pathway[Figure/Table Caption]) OR response pathway[Figure/Table Caption]) OR cycle pathway[Figure/Table Caption])) AND (2023/12/01[PUBDATE] : 2024/01/01[PUBDATE])

2024-09-08 01:47:22 - PMC search completed. Fetched 961 results (max set to 3000).

2024-09-08 01:47:30 - Extracted 1865 figures from XML content.

2024-09-08 01:47:30 - Identified 566 pathway figures.

2024-09-08 01:47:30 - Skipped 60 figures previously processed.

2024-09-08 01:47:30 - Processed 506 pathway figures for download.

2024-09-08 01:55:31 - New pathway figures downloaded: 506

2024-09-08 01:55:31 - NCBI PMC Figure Fetcher completed

2024-09-08 01:55:31 - ==========================================================

2024-09-08 02:04:15 - Starting NCBI PMC Figure Fetcher

2024-09-08 02:04:15 - Configuration loaded from query_config.yml

2024-09-08 02:04:16 - PMC search query: (((((((((((signaling pathway[Figure/Table Caption]) OR signalling pathway[Figure/Table Caption]) OR regulatory pathway[Figure/Table Caption]) OR disease pathway[Figure/Table Caption]) OR drug pathway[Figure/Table Caption]) OR metabolic pathway[Figure/Table Caption]) OR biosynthetic pathway[Figure/Table Caption]) OR synthesis pathway[Figure/Table Caption]) OR cancer pathway[Figure/Table Caption]) OR response pathway[Figure/Table Caption]) OR cycle pathway[Figure/Table Caption])) AND (2024/01/01[PUBDATE] : 2024/02/01[PUBDATE])

2024-09-08 02:04:41 - PMC search completed. Fetched 1191 results (max set to 3000).

2024-09-08 02:04:50 - Extracted 1858 figures from XML content.

2024-09-08 02:04:50 - Identified 519 pathway figures.

2024-09-08 02:04:50 - Skipped 73 figures previously processed.

2024-09-08 02:04:50 - Processed 446 pathway figures for download.

2024-09-08 02:11:11 - New pathway figures downloaded: 446

2024-09-08 02:11:11 - NCBI PMC Figure Fetcher completed

2024-09-08 02:11:11 - ==========================================================

2024-09-07 19:14:25 - Starting NCBI PMC Figure Fetcher

2024-09-07 19:14:25 - Configuration loaded from query_config.yml

2024-09-07 19:14:25 - PMC search query: (((((((((((signaling pathway[Figure/Table Caption]) OR signalling pathway[Figure/Table Caption]) OR regulatory pathway[Figure/Table Caption]) OR disease pathway[Figure/Table Caption]) OR drug pathway[Figure/Table Caption]) OR metabolic pathway[Figure/Table Caption]) OR biosynthetic pathway[Figure/Table Caption]) OR synthesis pathway[Figure/Table Caption]) OR cancer pathway[Figure/Table Caption]) OR response pathway[Figure/Table Caption]) OR cycle pathway[Figure/Table Caption])) AND (2024/02/01[PUBDATE] : 2024/03/01[PUBDATE])

2024-09-07 19:14:49 - PMC search completed. Fetched 1110 results (max set to 3000).

2024-09-07 19:15:23 - Extracted 7114 figures from XML content.

2024-09-07 19:15:23 - Identified 2062 pathway figures.

2024-09-07 19:15:23 - Skipped 49 figures previously processed.

2024-09-07 19:15:23 - Processed 2013 pathway figures for download.

2024-09-07 19:49:36 - New pathway figures downloaded: 2013

2024-09-07 19:49:36 - NCBI PMC Figure Fetcher completed

2024-09-07 19:49:36 - ==========================================================

2024-09-07 19:50:39 - Starting NCBI PMC Figure Fetcher

2024-09-07 19:50:39 - Configuration loaded from query_config.yml

2024-09-07 19:50:40 - PMC search query: (((((((((((signaling pathway[Figure/Table Caption]) OR signalling pathway[Figure/Table Caption]) OR regulatory pathway[Figure/Table Caption]) OR disease pathway[Figure/Table Caption]) OR drug pathway[Figure/Table Caption]) OR metabolic pathway[Figure/Table Caption]) OR biosynthetic pathway[Figure/Table Caption]) OR synthesis pathway[Figure/Table Caption]) OR cancer pathway[Figure/Table Caption]) OR response pathway[Figure/Table Caption]) OR cycle pathway[Figure/Table Caption])) AND (2024/03/01[PUBDATE] : 2024/04/01[PUBDATE])

2024-09-07 19:51:03 - PMC search completed. Fetched 1076 results (max set to 3000).

2024-09-07 19:51:25 - Extracted 7123 figures from XML content.

2024-09-07 19:51:25 - Identified 2033 pathway figures.

2024-09-07 19:51:25 - Skipped 212 figures previously processed.

2024-09-07 19:51:25 - Processed 1821 pathway figures for download.

2024-09-07 20:04:22 - Failed to download image for PMC10984095__NA after 3 attempts.

2024-09-07 20:15:23 - Failed to download image for PMC11071612__NA after 3 attempts.

2024-09-07 20:22:47 - New pathway figures downloaded: 1819

2024-09-07 20:22:47 - NCBI PMC Figure Fetcher completed

2024-09-07 20:22:47 - ==========================================================

2024-09-07 20:26:58 - Starting NCBI PMC Figure Fetcher

2024-09-07 20:26:58 - Configuration loaded from query_config.yml

2024-09-07 20:26:58 - PMC search query: (((((((((((signaling pathway[Figure/Table Caption]) OR signalling pathway[Figure/Table Caption]) OR regulatory pathway[Figure/Table Caption]) OR disease pathway[Figure/Table Caption]) OR drug pathway[Figure/Table Caption]) OR metabolic pathway[Figure/Table Caption]) OR biosynthetic pathway[Figure/Table Caption]) OR synthesis pathway[Figure/Table Caption]) OR cancer pathway[Figure/Table Caption]) OR response pathway[Figure/Table Caption]) OR cycle pathway[Figure/Table Caption])) AND (2024/04/01[PUBDATE] : 2024/05/01[PUBDATE])

2024-09-07 20:27:21 - PMC search completed. Fetched 1012 results (max set to 3000).

2024-09-07 20:27:39 - Extracted 6533 figures from XML content.

2024-09-07 20:27:39 - Identified 1888 pathway figures.

2024-09-07 20:27:39 - Skipped 338 figures previously processed.

2024-09-07 20:27:39 - Processed 1550 pathway figures for download.

2024-09-07 22:18:28 - New pathway figures downloaded: 1550

2024-09-07 22:18:29 - NCBI PMC Figure Fetcher completed

2024-09-07 22:18:29 - ==========================================================

2024-09-08 14:59:33 - Starting NCBI PMC Figure Fetcher

2024-09-08 14:59:33 - Configuration loaded from query_config.yml

2024-09-08 14:59:34 - PMC search query: (((((((((((signaling pathway[Figure/Table Caption]) OR signalling pathway[Figure/Table Caption]) OR regulatory pathway[Figure/Table Caption]) OR disease pathway[Figure/Table Caption]) OR drug pathway[Figure/Table Caption]) OR metabolic pathway[Figure/Table Caption]) OR biosynthetic pathway[Figure/Table Caption]) OR synthesis pathway[Figure/Table Caption]) OR cancer pathway[Figure/Table Caption]) OR response pathway[Figure/Table Caption]) OR cycle pathway[Figure/Table Caption])) AND (2024/05/01[PUBDATE] : 2024/06/01[PUBDATE])

2024-09-08 14:59:59 - PMC search completed. Fetched 1116 results (max set to 3000).

2024-09-08 15:00:08 - Extracted 1707 figures from XML content.

2024-09-08 15:00:08 - Identified 486 pathway figures.

2024-09-08 15:00:08 - Skipped 19 figures previously processed.

2024-09-08 15:00:08 - Processed 467 pathway figures for download.

2024-09-08 15:01:22 - Failed to download image for PMC11160905__NA after 3 attempts.

2024-09-08 15:01:29 - Failed to download image for PMC11160905__NA after 3 attempts.

2024-09-08 15:02:11 - Failed to download image for PMC7616366__EMS196571-f002 after 3 attempts.

2024-09-08 15:02:18 - Failed to download image for PMC7616366__EMS196571-f003 after 3 attempts.

2024-09-08 15:02:25 - Failed to download image for PMC7616366__EMS196571-f005 after 3 attempts.

2024-09-08 15:07:33 - New pathway figures downloaded: 462

2024-09-08 15:07:33 - NCBI PMC Figure Fetcher completed

2024-09-08 15:07:33 - ==========================================================

2024-09-08 15:17:50 - Starting NCBI PMC Figure Fetcher

2024-09-08 15:17:50 - Configuration loaded from query_config.yml

2024-09-08 15:17:50 - PMC search query: (((((((((((signaling pathway[Figure/Table Caption]) OR signalling pathway[Figure/Table Caption]) OR regulatory pathway[Figure/Table Caption]) OR disease pathway[Figure/Table Caption]) OR drug pathway[Figure/Table Caption]) OR metabolic pathway[Figure/Table Caption]) OR biosynthetic pathway[Figure/Table Caption]) OR synthesis pathway[Figure/Table Caption]) OR cancer pathway[Figure/Table Caption]) OR response pathway[Figure/Table Caption]) OR cycle pathway[Figure/Table Caption])) AND (2024/06/01[PUBDATE] : 2024/07/01[PUBDATE])

2024-09-08 15:18:16 - PMC search completed. Fetched 1064 results (max set to 3000).

2024-09-08 15:18:25 - Extracted 1748 figures from XML content.

2024-09-08 15:18:25 - Identified 497 pathway figures.

2024-09-08 15:18:25 - Skipped 50 figures previously processed.

2024-09-08 15:18:25 - Processed 447 pathway figures for download.

2024-09-08 15:25:03 - New pathway figures downloaded: 447

2024-09-08 15:25:03 - NCBI PMC Figure Fetcher completed

2024-09-08 15:25:03 - ==========================================================

2024-09-08 23:02:50 - Starting NCBI PMC Figure Fetcher

2024-09-08 23:02:50 - Configuration loaded from query_config.yml

2024-09-08 23:02:50 - PMC search query: (((((((((((signaling pathway[Figure/Table Caption]) OR signalling pathway[Figure/Table Caption]) OR regulatory pathway[Figure/Table Caption]) OR disease pathway[Figure/Table Caption]) OR drug pathway[Figure/Table Caption]) OR metabolic pathway[Figure/Table Caption]) OR biosynthetic pathway[Figure/Table Caption]) OR synthesis pathway[Figure/Table Caption]) OR cancer pathway[Figure/Table Caption]) OR response pathway[Figure/Table Caption]) OR cycle pathway[Figure/Table Caption])) AND (2024/07/01[PUBDATE] : 2024/08/01[PUBDATE])

2024-09-08 23:03:12 - PMC search completed. Fetched 998 results (max set to 3000).

2024-09-08 23:03:21 - Extracted 1494 figures from XML content.

2024-09-08 23:03:21 - Identified 448 pathway figures.

2024-09-08 23:03:21 - Skipped 14 figures previously processed.

2024-09-08 23:03:21 - Processed 434 pathway figures for download.

2024-09-08 23:09:22 - New pathway figures downloaded: 434

2024-09-08 23:09:22 - NCBI PMC Figure Fetcher completed

2024-09-08 23:09:22 - ==========================================================

2024-09-08 23:29:36 - Starting NCBI PMC Figure Fetcher

2024-09-08 23:29:36 - Configuration loaded from query_config.yml

2024-09-08 23:29:36 - Final stretch, then deactivating cycle.

2024-09-08 23:29:37 - PMC search query: (((((((((((signaling pathway[Figure/Table Caption]) OR signalling pathway[Figure/Table Caption]) OR regulatory pathway[Figure/Table Caption]) OR disease pathway[Figure/Table Caption]) OR drug pathway[Figure/Table Caption]) OR metabolic pathway[Figure/Table Caption]) OR biosynthetic pathway[Figure/Table Caption]) OR synthesis pathway[Figure/Table Caption]) OR cancer pathway[Figure/Table Caption]) OR response pathway[Figure/Table Caption]) OR cycle pathway[Figure/Table Caption])) AND (2024/08/01[PUBDATE] : 3000/01/01[PUBDATE])

2024-09-08 23:29:54 - PMC search completed. Fetched 782 results (max set to 3000).

2024-09-08 23:30:01 - Extracted 966 figures from XML content.

2024-09-08 23:30:01 - Identified 308 pathway figures.

2024-09-08 23:30:01 - Skipped 22 figures previously processed.

2024-09-08 23:30:01 - Processed 286 pathway figures for download.

2024-09-08 23:33:47 - New pathway figures downloaded: 286

2024-09-08 23:33:47 - NCBI PMC Figure Fetcher completed

2024-09-08 23:33:47 - ==========================================================

2024-09-09 00:19:55 - Starting NCBI PMC Figure Fetcher

2024-09-09 00:19:55 - Configuration loaded from query_config.yml

2024-09-09 00:19:56 - PMC search query: (((((((((((signaling pathway[Figure/Table Caption]) OR signalling pathway[Figure/Table Caption]) OR regulatory pathway[Figure/Table Caption]) OR disease pathway[Figure/Table Caption]) OR drug pathway[Figure/Table Caption]) OR metabolic pathway[Figure/Table Caption]) OR biosynthetic pathway[Figure/Table Caption]) OR synthesis pathway[Figure/Table Caption]) OR cancer pathway[Figure/Table Caption]) OR response pathway[Figure/Table Caption]) OR cycle pathway[Figure/Table Caption])) AND (2023/05/01[PUBDATE] : 2023/06/01[PUBDATE])

2024-09-09 00:20:25 - PMC search completed. Fetched 1180 results (max set to 3000).

2024-09-09 00:20:35 - Extracted 1946 figures from XML content.

2024-09-09 00:20:35 - Identified 570 pathway figures.

2024-09-09 00:20:35 - Skipped 26 figures previously processed.

2024-09-09 00:20:35 - Processed 544 pathway figures for download.

2024-09-09 00:27:58 - New pathway figures downloaded: 544

2024-09-09 00:27:58 - NCBI PMC Figure Fetcher completed

2024-09-09 00:27:58 - ==========================================================

2024-09-09 00:34:01 - Starting NCBI PMC Figure Fetcher

2024-09-09 00:34:01 - Configuration loaded from query_config.yml

2024-09-09 00:34:02 - PMC search query: (((((((((((signaling pathway[Figure/Table Caption]) OR signalling pathway[Figure/Table Caption]) OR regulatory pathway[Figure/Table Caption]) OR disease pathway[Figure/Table Caption]) OR drug pathway[Figure/Table Caption]) OR metabolic pathway[Figure/Table Caption]) OR biosynthetic pathway[Figure/Table Caption]) OR synthesis pathway[Figure/Table Caption]) OR cancer pathway[Figure/Table Caption]) OR response pathway[Figure/Table Caption]) OR cycle pathway[Figure/Table Caption])) AND (2023/06/01[PUBDATE] : 2023/07/01[PUBDATE])

2024-09-09 00:34:27 - PMC search completed. Fetched 1014 results (max set to 3000).

2024-09-09 00:34:36 - Extracted 1664 figures from XML content.

2024-09-09 00:34:36 - Identified 474 pathway figures.

2024-09-09 00:34:36 - Skipped 61 figures previously processed.

2024-09-09 00:34:36 - Processed 413 pathway figures for download.

2024-09-09 00:40:34 - New pathway figures downloaded: 413

2024-09-09 00:40:34 - NCBI PMC Figure Fetcher completed

2024-09-09 00:40:34 - ==========================================================

2024-09-09 01:14:46 - Starting NCBI PMC Figure Fetcher

2024-09-09 01:14:46 - Configuration loaded from query_config.yml

2024-09-09 01:14:47 - PMC search query: (((((((((((signaling pathway[Figure/Table Caption]) OR signalling pathway[Figure/Table Caption]) OR regulatory pathway[Figure/Table Caption]) OR disease pathway[Figure/Table Caption]) OR drug pathway[Figure/Table Caption]) OR metabolic pathway[Figure/Table Caption]) OR biosynthetic pathway[Figure/Table Caption]) OR synthesis pathway[Figure/Table Caption]) OR cancer pathway[Figure/Table Caption]) OR response pathway[Figure/Table Caption]) OR cycle pathway[Figure/Table Caption])) AND (2023/07/01[PUBDATE] : 2023/08/01[PUBDATE])

2024-09-09 01:15:10 - PMC search completed. Fetched 975 results (max set to 3000).

2024-09-09 01:15:19 - Extracted 1676 figures from XML content.

2024-09-09 01:15:19 - Identified 478 pathway figures.

2024-09-09 01:15:19 - Skipped 142 figures previously processed.

2024-09-09 01:15:19 - Processed 336 pathway figures for download.

2024-09-09 01:21:15 - New pathway figures downloaded: 336

2024-09-09 01:21:15 - NCBI PMC Figure Fetcher completed

2024-09-09 01:21:15 - ==========================================================

2024-09-09 02:15:57 - Starting NCBI PMC Figure Fetcher

2024-09-09 02:15:57 - Configuration loaded from query_config.yml

2024-09-09 02:15:58 - PMC search query: (((((((((((signaling pathway[Figure/Table Caption]) OR signalling pathway[Figure/Table Caption]) OR regulatory pathway[Figure/Table Caption]) OR disease pathway[Figure/Table Caption]) OR drug pathway[Figure/Table Caption]) OR metabolic pathway[Figure/Table Caption]) OR biosynthetic pathway[Figure/Table Caption]) OR synthesis pathway[Figure/Table Caption]) OR cancer pathway[Figure/Table Caption]) OR response pathway[Figure/Table Caption]) OR cycle pathway[Figure/Table Caption])) AND (2023/08/01[PUBDATE] : 2023/09/01[PUBDATE])

2024-09-09 02:16:24 - PMC search completed. Fetched 1118 results (max set to 3000).

2024-09-09 02:16:33 - Extracted 1996 figures from XML content.

2024-09-09 02:16:33 - Identified 532 pathway figures.

2024-09-09 02:16:33 - Skipped 78 figures previously processed.

2024-09-09 02:16:33 - Processed 454 pathway figures for download.

2024-09-09 02:24:38 - New pathway figures downloaded: 454

2024-09-09 02:24:38 - NCBI PMC Figure Fetcher completed

2024-09-09 02:24:38 - ==========================================================

2024-09-09 02:54:32 - Starting NCBI PMC Figure Fetcher

2024-09-09 02:54:32 - Configuration loaded from query_config.yml

2024-09-09 02:54:32 - PMC search query: (((((((((((signaling pathway[Figure/Table Caption]) OR signalling pathway[Figure/Table Caption]) OR regulatory pathway[Figure/Table Caption]) OR disease pathway[Figure/Table Caption]) OR drug pathway[Figure/Table Caption]) OR metabolic pathway[Figure/Table Caption]) OR biosynthetic pathway[Figure/Table Caption]) OR synthesis pathway[Figure/Table Caption]) OR cancer pathway[Figure/Table Caption]) OR response pathway[Figure/Table Caption]) OR cycle pathway[Figure/Table Caption])) AND (2023/09/01[PUBDATE] : 2023/10/01[PUBDATE])

2024-09-09 02:54:54 - PMC search completed. Fetched 1008 results (max set to 3000).

2024-09-09 02:55:03 - Extracted 1691 figures from XML content.

2024-09-09 02:55:03 - Identified 484 pathway figures.

2024-09-09 02:55:03 - Skipped 481 figures previously processed.

2024-09-09 02:55:03 - Processed 3 pathway figures for download.

2024-09-09 02:55:06 - New pathway figures downloaded: 3

2024-09-09 02:55:06 - NCBI PMC Figure Fetcher completed

2024-09-09 02:55:06 - ==========================================================

2024-09-09 22:27:04 - Starting NCBI PMC Single Figure Fetcher for PMC9949038 Figure 3

2024-09-09 22:27:05 - Successfully downloaded image to figures/PMC9949038__nihpp-2023.02.15.528365v2-f0003.jpg

2024-09-09 22:27:05 - Successfully wrote YAML file to figures/PMC9949038__nihpp-2023.02.15.528365v2-f0003.yml

2024-09-09 22:27:05 - NCBI PMC Single Figure Fetcher completed

2024-09-09 22:27:05 - ==========================================================

2024-09-10 00:09:30 - Starting NCBI PMC Single Figure Fetcher for PMC4631354 Figure 3

2024-09-10 00:09:31 - Successfully downloaded image to figures/PMC4631354__pone.0141850.g003.jpg

2024-09-10 00:09:31 - Successfully wrote YAML file to figures/PMC4631354__pone.0141850.g003.yml

2024-09-10 00:09:31 - Added PMC4631354__pone.0141850.g003 to keep_figids_for_ocr.txt

2024-09-10 00:09:31 - NCBI PMC Single Figure Fetcher completed

2024-09-10 00:09:31 - ==========================================================

2024-09-10 00:18:45 - Starting NCBI PMC Single Figure Fetcher for PMC4631354 Figure 3

2024-09-10 00:18:46 - Successfully downloaded image to figures/PMC4631354__pone.0141850.g003.jpg

2024-09-10 00:18:46 - Successfully wrote YAML file to figures/PMC4631354__pone.0141850.g003.yml

2024-09-10 00:18:46 - PMC4631354__pone.0141850.g003 already exists in keep_figids_for_ocr.txt

2024-09-10 00:18:46 - NCBI PMC Single Figure Fetcher completed

2024-09-10 00:18:46 - ==========================================================

2024-10-01 02:27:31 - Starting NCBI PMC Figure Fetcher

2024-10-01 02:27:31 - Configuration loaded from query_config.yml

2024-10-01 02:27:31 - PMC search query: (((((((((((signaling pathway[Figure/Table Caption]) OR signalling pathway[Figure/Table Caption]) OR regulatory pathway[Figure/Table Caption]) OR disease pathway[Figure/Table Caption]) OR drug pathway[Figure/Table Caption]) OR metabolic pathway[Figure/Table Caption]) OR biosynthetic pathway[Figure/Table Caption]) OR synthesis pathway[Figure/Table Caption]) OR cancer pathway[Figure/Table Caption]) OR response pathway[Figure/Table Caption]) OR cycle pathway[Figure/Table Caption])) AND (2023/07/01[PUBDATE] : 2023/08/01[PUBDATE])

2024-10-01 02:27:57 - PMC search completed. Fetched 977 results (max set to 3000).

2024-10-01 02:28:06 - Extracted 1676 figures from XML content.

2024-10-01 02:28:06 - Identified 478 pathway figures.

2024-10-01 02:28:06 - Skipped 478 figures previously processed.

2024-10-01 02:28:06 - Processed 0 pathway figures for download.

2024-10-01 02:28:06 - New pathway figures downloaded: 0

2024-10-01 02:28:06 - NCBI PMC Figure Fetcher completed

2024-10-01 02:28:06 - ==========================================================

2024-10-01 03:31:14 - Starting NCBI PMC Figure Fetcher

2024-10-01 03:31:14 - Configuration loaded from query_config.yml

2024-10-01 03:31:14 - PMC search query: (((((((((((signaling pathway[Figure/Table Caption]) OR signalling pathway[Figure/Table Caption]) OR regulatory pathway[Figure/Table Caption]) OR disease pathway[Figure/Table Caption]) OR drug pathway[Figure/Table Caption]) OR metabolic pathway[Figure/Table Caption]) OR biosynthetic pathway[Figure/Table Caption]) OR synthesis pathway[Figure/Table Caption]) OR cancer pathway[Figure/Table Caption]) OR response pathway[Figure/Table Caption]) OR cycle pathway[Figure/Table Caption])) AND (2023/08/01[PUBDATE] : 2023/09/01[PUBDATE])

2024-10-01 03:31:53 - PMC search completed. Fetched 1121 results (max set to 3000).

2024-10-01 03:32:03 - Extracted 1996 figures from XML content.

2024-10-01 03:32:03 - Identified 532 pathway figures.

2024-10-01 03:32:03 - Skipped 532 figures previously processed.

2024-10-01 03:32:03 - Processed 0 pathway figures for download.

2024-10-01 03:32:03 - New pathway figures downloaded: 0

2024-10-01 03:32:03 - NCBI PMC Figure Fetcher completed

2024-10-01 03:32:03 - ==========================================================

2024-10-01 04:21:08 - Starting NCBI PMC Figure Fetcher

2024-10-01 04:21:08 - Configuration loaded from query_config.yml

2024-10-01 04:21:09 - PMC search query: (((((((((((signaling pathway[Figure/Table Caption]) OR signalling pathway[Figure/Table Caption]) OR regulatory pathway[Figure/Table Caption]) OR disease pathway[Figure/Table Caption]) OR drug pathway[Figure/Table Caption]) OR metabolic pathway[Figure/Table Caption]) OR biosynthetic pathway[Figure/Table Caption]) OR synthesis pathway[Figure/Table Caption]) OR cancer pathway[Figure/Table Caption]) OR response pathway[Figure/Table Caption]) OR cycle pathway[Figure/Table Caption])) AND (2023/09/01[PUBDATE] : 2023/10/01[PUBDATE])

2024-10-01 04:21:41 - PMC search completed. Fetched 1022 results (max set to 3000).

2024-10-01 04:21:50 - Extracted 1693 figures from XML content.

2024-10-01 04:21:50 - Identified 484 pathway figures.

2024-10-01 04:21:50 - Skipped 484 figures previously processed.

2024-10-01 04:21:50 - Processed 0 pathway figures for download.

2024-10-01 04:21:50 - New pathway figures downloaded: 0

2024-10-01 04:21:50 - NCBI PMC Figure Fetcher completed

2024-10-01 04:21:50 - ==========================================================

2024-10-01 05:17:50 - Starting NCBI PMC Figure Fetcher

2024-10-01 05:17:50 - Configuration loaded from query_config.yml

2024-10-01 05:17:50 - PMC search query: (((((((((((signaling pathway[Figure/Table Caption]) OR signalling pathway[Figure/Table Caption]) OR regulatory pathway[Figure/Table Caption]) OR disease pathway[Figure/Table Caption]) OR drug pathway[Figure/Table Caption]) OR metabolic pathway[Figure/Table Caption]) OR biosynthetic pathway[Figure/Table Caption]) OR synthesis pathway[Figure/Table Caption]) OR cancer pathway[Figure/Table Caption]) OR response pathway[Figure/Table Caption]) OR cycle pathway[Figure/Table Caption])) AND (2023/10/01[PUBDATE] : 2023/11/01[PUBDATE])

2024-10-01 05:18:20 - PMC search completed. Fetched 1025 results (max set to 3000).

2024-10-01 05:18:29 - Extracted 1693 figures from XML content.

2024-10-01 05:18:29 - Identified 460 pathway figures.

2024-10-01 05:18:29 - Skipped 460 figures previously processed.

2024-10-01 05:18:29 - Processed 0 pathway figures for download.

2024-10-01 05:18:29 - New pathway figures downloaded: 0

2024-10-01 05:18:29 - NCBI PMC Figure Fetcher completed

2024-10-01 05:18:29 - ==========================================================

2024-10-01 06:24:20 - Starting NCBI PMC Figure Fetcher

2024-10-01 06:24:20 - Configuration loaded from query_config.yml

2024-10-01 06:24:20 - PMC search query: (((((((((((signaling pathway[Figure/Table Caption]) OR signalling pathway[Figure/Table Caption]) OR regulatory pathway[Figure/Table Caption]) OR disease pathway[Figure/Table Caption]) OR drug pathway[Figure/Table Caption]) OR metabolic pathway[Figure/Table Caption]) OR biosynthetic pathway[Figure/Table Caption]) OR synthesis pathway[Figure/Table Caption]) OR cancer pathway[Figure/Table Caption]) OR response pathway[Figure/Table Caption]) OR cycle pathway[Figure/Table Caption])) AND (2023/11/01[PUBDATE] : 2023/12/01[PUBDATE])

2024-10-01 06:24:52 - PMC search completed. Fetched 1090 results (max set to 3000).

2024-10-01 06:25:02 - Extracted 1775 figures from XML content.

2024-10-01 06:25:02 - Identified 488 pathway figures.

2024-10-01 06:25:02 - Skipped 488 figures previously processed.

2024-10-01 06:25:02 - Processed 0 pathway figures for download.

2024-10-01 06:25:02 - New pathway figures downloaded: 0

2024-10-01 06:25:02 - NCBI PMC Figure Fetcher completed

2024-10-01 06:25:02 - ==========================================================

2024-10-01 07:18:12 - Starting NCBI PMC Figure Fetcher

2024-10-01 07:18:12 - Configuration loaded from query_config.yml

2024-10-01 07:18:13 - PMC search query: (((((((((((signaling pathway[Figure/Table Caption]) OR signalling pathway[Figure/Table Caption]) OR regulatory pathway[Figure/Table Caption]) OR disease pathway[Figure/Table Caption]) OR drug pathway[Figure/Table Caption]) OR metabolic pathway[Figure/Table Caption]) OR biosynthetic pathway[Figure/Table Caption]) OR synthesis pathway[Figure/Table Caption]) OR cancer pathway[Figure/Table Caption]) OR response pathway[Figure/Table Caption]) OR cycle pathway[Figure/Table Caption])) AND (2023/12/01[PUBDATE] : 2024/01/01[PUBDATE])

2024-10-01 07:18:40 - PMC search completed. Fetched 964 results (max set to 3000).

2024-10-01 07:18:49 - Extracted 1866 figures from XML content.

2024-10-01 07:18:49 - Identified 566 pathway figures.

2024-10-01 07:18:49 - Skipped 566 figures previously processed.

2024-10-01 07:18:49 - Processed 0 pathway figures for download.

2024-10-01 07:18:49 - New pathway figures downloaded: 0

2024-10-01 07:18:49 - NCBI PMC Figure Fetcher completed

2024-10-01 07:18:49 - ==========================================================

2024-10-02 02:17:57 - Starting NCBI PMC Figure Fetcher

2024-10-02 02:17:57 - Configuration loaded from query_config.yml

2024-10-02 02:17:58 - PMC search query: (((((((((((signaling pathway[Figure/Table Caption]) OR signalling pathway[Figure/Table Caption]) OR regulatory pathway[Figure/Table Caption]) OR disease pathway[Figure/Table Caption]) OR drug pathway[Figure/Table Caption]) OR metabolic pathway[Figure/Table Caption]) OR biosynthetic pathway[Figure/Table Caption]) OR synthesis pathway[Figure/Table Caption]) OR cancer pathway[Figure/Table Caption]) OR response pathway[Figure/Table Caption]) OR cycle pathway[Figure/Table Caption])) AND (2024/01/01[PUBDATE] : 2024/02/01[PUBDATE])

2024-10-02 02:18:26 - PMC search completed. Fetched 1193 results (max set to 3000).

2024-10-02 02:18:36 - Extracted 1857 figures from XML content.

2024-10-02 02:18:36 - Identified 516 pathway figures.

2024-10-02 02:18:36 - Skipped 516 figures previously processed.

2024-10-02 02:18:36 - Processed 0 pathway figures for download.

2024-10-02 02:18:36 - New pathway figures downloaded: 0

2024-10-02 02:18:36 - NCBI PMC Figure Fetcher completed

2024-10-02 02:18:36 - ==========================================================

2024-10-02 03:23:34 - Starting NCBI PMC Figure Fetcher

2024-10-02 03:23:34 - Configuration loaded from query_config.yml

2024-10-02 03:23:34 - PMC search query: (((((((((((signaling pathway[Figure/Table Caption]) OR signalling pathway[Figure/Table Caption]) OR regulatory pathway[Figure/Table Caption]) OR disease pathway[Figure/Table Caption]) OR drug pathway[Figure/Table Caption]) OR metabolic pathway[Figure/Table Caption]) OR biosynthetic pathway[Figure/Table Caption]) OR synthesis pathway[Figure/Table Caption]) OR cancer pathway[Figure/Table Caption]) OR response pathway[Figure/Table Caption]) OR cycle pathway[Figure/Table Caption])) AND (2024/02/01[PUBDATE] : 2024/03/01[PUBDATE])

2024-10-02 03:24:04 - PMC search completed. Fetched 1116 results (max set to 3000).

2024-10-02 03:24:13 - Extracted 1615 figures from XML content.

2024-10-02 03:24:13 - Identified 496 pathway figures.

2024-10-02 03:24:13 - Skipped 494 figures previously processed.

2024-10-02 03:24:13 - Processed 2 pathway figures for download.

2024-10-02 03:24:15 - New pathway figures downloaded: 2

2024-10-02 03:24:15 - NCBI PMC Figure Fetcher completed

2024-10-02 03:24:15 - ==========================================================

2024-10-02 04:21:41 - Starting NCBI PMC Figure Fetcher

2024-10-02 04:21:41 - Configuration loaded from query_config.yml

2024-10-02 04:21:42 - PMC search query: (((((((((((signaling pathway[Figure/Table Caption]) OR signalling pathway[Figure/Table Caption]) OR regulatory pathway[Figure/Table Caption]) OR disease pathway[Figure/Table Caption]) OR drug pathway[Figure/Table Caption]) OR metabolic pathway[Figure/Table Caption]) OR biosynthetic pathway[Figure/Table Caption]) OR synthesis pathway[Figure/Table Caption]) OR cancer pathway[Figure/Table Caption]) OR response pathway[Figure/Table Caption]) OR cycle pathway[Figure/Table Caption])) AND (2024/03/01[PUBDATE] : 2024/04/01[PUBDATE])

2024-10-02 04:22:14 - PMC search completed. Fetched 1095 results (max set to 3000).

2024-10-02 04:22:24 - Extracted 1644 figures from XML content.

2024-10-02 04:22:24 - Identified 451 pathway figures.

2024-10-02 04:22:24 - Skipped 445 figures previously processed.

2024-10-02 04:22:24 - Processed 6 pathway figures for download.

2024-10-02 04:22:34 - Failed to download image for PMC10984095__NA after 3 attempts.

2024-10-02 04:22:43 - Failed to download image for PMC11071612__NA after 3 attempts.

2024-10-02 04:22:43 - New pathway figures downloaded: 4

2024-10-02 04:22:43 - NCBI PMC Figure Fetcher completed

2024-10-02 04:22:43 - ==========================================================

2024-10-02 05:17:21 - Starting NCBI PMC Figure Fetcher

2024-10-02 05:17:21 - Configuration loaded from query_config.yml

2024-10-02 05:17:21 - PMC search query: (((((((((((signaling pathway[Figure/Table Caption]) OR signalling pathway[Figure/Table Caption]) OR regulatory pathway[Figure/Table Caption]) OR disease pathway[Figure/Table Caption]) OR drug pathway[Figure/Table Caption]) OR metabolic pathway[Figure/Table Caption]) OR biosynthetic pathway[Figure/Table Caption]) OR synthesis pathway[Figure/Table Caption]) OR cancer pathway[Figure/Table Caption]) OR response pathway[Figure/Table Caption]) OR cycle pathway[Figure/Table Caption])) AND (2024/04/01[PUBDATE] : 2024/05/01[PUBDATE])

2024-10-02 05:17:50 - PMC search completed. Fetched 1022 results (max set to 3000).

2024-10-02 05:17:59 - Extracted 1535 figures from XML content.

2024-10-02 05:17:59 - Identified 473 pathway figures.

2024-10-02 05:17:59 - Skipped 472 figures previously processed.

2024-10-02 05:17:59 - Processed 1 pathway figures for download.

2024-10-02 05:18:00 - New pathway figures downloaded: 1

2024-10-02 05:18:00 - NCBI PMC Figure Fetcher completed

2024-10-02 05:18:00 - ==========================================================

2024-10-02 06:23:22 - Starting NCBI PMC Figure Fetcher

2024-10-02 06:23:22 - Configuration loaded from query_config.yml

2024-10-02 06:23:22 - PMC search query: (((((((((((signaling pathway[Figure/Table Caption]) OR signalling pathway[Figure/Table Caption]) OR regulatory pathway[Figure/Table Caption]) OR disease pathway[Figure/Table Caption]) OR drug pathway[Figure/Table Caption]) OR metabolic pathway[Figure/Table Caption]) OR biosynthetic pathway[Figure/Table Caption]) OR synthesis pathway[Figure/Table Caption]) OR cancer pathway[Figure/Table Caption]) OR response pathway[Figure/Table Caption]) OR cycle pathway[Figure/Table Caption])) AND (2024/05/01[PUBDATE] : 2024/06/01[PUBDATE])

2024-10-02 06:23:51 - PMC search completed. Fetched 1142 results (max set to 3000).

2024-10-02 06:24:01 - Extracted 1743 figures from XML content.

2024-10-02 06:24:01 - Identified 495 pathway figures.

2024-10-02 06:24:01 - Skipped 481 figures previously processed.

2024-10-02 06:24:01 - Processed 14 pathway figures for download.

2024-10-02 06:24:08 - Failed to download image for PMC11160905__NA after 3 attempts.

2024-10-02 06:24:15 - Failed to download image for PMC11160905__NA after 3 attempts.

2024-10-02 06:24:27 - New pathway figures downloaded: 12

2024-10-02 06:24:27 - NCBI PMC Figure Fetcher completed

2024-10-02 06:24:27 - ==========================================================

2024-10-02 07:16:50 - Starting NCBI PMC Figure Fetcher

2024-10-02 07:16:50 - Configuration loaded from query_config.yml

2024-10-02 07:16:50 - PMC search query: (((((((((((signaling pathway[Figure/Table Caption]) OR signalling pathway[Figure/Table Caption]) OR regulatory pathway[Figure/Table Caption]) OR disease pathway[Figure/Table Caption]) OR drug pathway[Figure/Table Caption]) OR metabolic pathway[Figure/Table Caption]) OR biosynthetic pathway[Figure/Table Caption]) OR synthesis pathway[Figure/Table Caption]) OR cancer pathway[Figure/Table Caption]) OR response pathway[Figure/Table Caption]) OR cycle pathway[Figure/Table Caption])) AND (2024/06/01[PUBDATE] : 2024/07/01[PUBDATE])

2024-10-02 07:17:41 - PMC search completed. Fetched 1087 results (max set to 3000).

2024-10-02 07:17:50 - Extracted 1796 figures from XML content.

2024-10-02 07:17:50 - Identified 513 pathway figures.

2024-10-02 07:17:50 - Skipped 497 figures previously processed.

2024-10-02 07:17:50 - Processed 16 pathway figures for download.

2024-10-02 07:18:04 - New pathway figures downloaded: 16

2024-10-02 07:18:04 - NCBI PMC Figure Fetcher completed

2024-10-02 07:18:04 - ==========================================================

2024-10-03 02:18:59 - Starting NCBI PMC Figure Fetcher

2024-10-03 02:18:59 - Configuration loaded from query_config.yml

2024-10-03 02:18:59 - PMC search query: (((((((((((signaling pathway[Figure/Table Caption]) OR signalling pathway[Figure/Table Caption]) OR regulatory pathway[Figure/Table Caption]) OR disease pathway[Figure/Table Caption]) OR drug pathway[Figure/Table Caption]) OR metabolic pathway[Figure/Table Caption]) OR biosynthetic pathway[Figure/Table Caption]) OR synthesis pathway[Figure/Table Caption]) OR cancer pathway[Figure/Table Caption]) OR response pathway[Figure/Table Caption]) OR cycle pathway[Figure/Table Caption])) AND (2024/07/01[PUBDATE] : 2024/08/01[PUBDATE])

2024-10-03 02:19:34 - PMC search completed. Fetched 1066 results (max set to 3000).

2024-10-03 02:19:43 - Extracted 1535 figures from XML content.

2024-10-03 02:19:43 - Identified 461 pathway figures.

2024-10-03 02:19:43 - Skipped 448 figures previously processed.

2024-10-03 02:19:43 - Processed 13 pathway figures for download.

2024-10-03 02:19:55 - New pathway figures downloaded: 13

2024-10-03 02:19:55 - NCBI PMC Figure Fetcher completed

2024-10-03 02:19:55 - ==========================================================

2024-10-03 03:22:49 - Starting NCBI PMC Figure Fetcher

2024-10-03 03:22:49 - Configuration loaded from query_config.yml

2024-10-03 03:22:50 - PMC search query: (((((((((((signaling pathway[Figure/Table Caption]) OR signalling pathway[Figure/Table Caption]) OR regulatory pathway[Figure/Table Caption]) OR disease pathway[Figure/Table Caption]) OR drug pathway[Figure/Table Caption]) OR metabolic pathway[Figure/Table Caption]) OR biosynthetic pathway[Figure/Table Caption]) OR synthesis pathway[Figure/Table Caption]) OR cancer pathway[Figure/Table Caption]) OR response pathway[Figure/Table Caption]) OR cycle pathway[Figure/Table Caption])) AND (2024/08/01[PUBDATE] : 2024/09/01[PUBDATE])

2024-10-03 03:23:13 - PMC search completed. Fetched 1006 results (max set to 3000).

2024-10-03 03:23:22 - Extracted 1599 figures from XML content.

2024-10-03 03:23:22 - Identified 486 pathway figures.

2024-10-03 03:23:22 - Skipped 313 figures previously processed.

2024-10-03 03:23:22 - Processed 173 pathway figures for download.

2024-10-03 03:25:44 - New pathway figures downloaded: 173

2024-10-03 03:25:44 - NCBI PMC Figure Fetcher completed

2024-10-03 03:25:44 - ==========================================================

2024-10-03 04:22:04 - Starting NCBI PMC Figure Fetcher

2024-10-03 04:22:04 - Configuration loaded from query_config.yml

2024-10-03 04:22:04 - Final stretch, then deactivating cycle.

2024-10-03 04:22:05 - PMC search query: (((((((((((signaling pathway[Figure/Table Caption]) OR signalling pathway[Figure/Table Caption]) OR regulatory pathway[Figure/Table Caption]) OR disease pathway[Figure/Table Caption]) OR drug pathway[Figure/Table Caption]) OR metabolic pathway[Figure/Table Caption]) OR biosynthetic pathway[Figure/Table Caption]) OR synthesis pathway[Figure/Table Caption]) OR cancer pathway[Figure/Table Caption]) OR response pathway[Figure/Table Caption]) OR cycle pathway[Figure/Table Caption])) AND (2024/09/01[PUBDATE] : 3000/01/01[PUBDATE])

2024-10-03 04:22:17 - PMC search completed. Fetched 668 results (max set to 3000).

2024-10-03 04:22:21 - Extracted 531 figures from XML content.

2024-10-03 04:22:21 - Identified 174 pathway figures.

2024-10-03 04:22:21 - Skipped 6 figures previously processed.

2024-10-03 04:22:21 - Processed 168 pathway figures for download.

2024-10-03 04:24:38 - New pathway figures downloaded: 168

2024-10-03 04:24:38 - NCBI PMC Figure Fetcher completed

2024-10-03 04:24:38 - ==========================================================

2025-07-14 13:03:51 - Starting NCBI PMC Figure Fetcher

2025-07-14 13:03:51 - Configuration loaded from query_config.yml

2025-07-14 13:03:51 - PMC search query: (((((((((((signaling pathway[Figure/Table Caption]) OR signalling pathway[Figure/Table Caption]) OR regulatory pathway[Figure/Table Caption]) OR disease pathway[Figure/Table Caption]) OR drug pathway[Figure/Table Caption]) OR metabolic pathway[Figure/Table Caption]) OR biosynthetic pathway[Figure/Table Caption]) OR synthesis pathway[Figure/Table Caption]) OR cancer pathway[Figure/Table Caption]) OR response pathway[Figure/Table Caption]) OR cycle pathway[Figure/Table Caption])) AND (2024/10/03[PUBDATE] : 2024/11/03[PUBDATE])

2025-07-14 13:04:29 - PMC search completed. Fetched 1134 results (max set to 3000).

2025-07-14 13:04:41 - Extracted 7493 figures from XML content.

2025-07-14 13:04:41 - Identified 2201 pathway figures.

2025-07-14 13:04:41 - Skipped 0 figures previously processed.

2025-07-14 13:04:41 - Processed 2201 pathway figures for download.

2025-07-14 13:36:42 - Failed to download image for PMC10793491__nihpp-rs3793919v3-f0003 after 3 attempts.

2025-07-14 13:40:42 - Failed to download image for PMC10980014__nihpp-2024.03.17.585262v2-f0009 after 3 attempts.

2025-07-14 13:40:50 - Failed to download image for PMC10980014__nihpp-2024.03.17.585262v2-f0004 after 3 attempts.

2025-07-14 13:40:57 - Failed to download image for PMC10980014__nihpp-2024.03.17.585262v2-f0005 after 3 attempts.

2025-07-14 13:41:04 - Failed to download image for PMC10980014__nihpp-2024.03.17.585262v2-f0006 after 3 attempts.

2025-07-14 13:50:07 - New pathway figures downloaded: 2196

2025-07-14 13:50:07 - NCBI PMC Figure Fetcher completed

2025-07-14 13:50:07 - ==========================================================

2025-07-14 13:53:47 - Starting NCBI PMC Figure Fetcher

2025-07-14 13:53:47 - Configuration loaded from query_config.yml

2025-07-14 13:53:47 - PMC search query: (((((((((((signaling pathway[Figure/Table Caption]) OR signalling pathway[Figure/Table Caption]) OR regulatory pathway[Figure/Table Caption]) OR disease pathway[Figure/Table Caption]) OR drug pathway[Figure/Table Caption]) OR metabolic pathway[Figure/Table Caption]) OR biosynthetic pathway[Figure/Table Caption]) OR synthesis pathway[Figure/Table Caption]) OR cancer pathway[Figure/Table Caption]) OR response pathway[Figure/Table Caption]) OR cycle pathway[Figure/Table Caption])) AND (2024/11/03[PUBDATE] : 2024/12/03[PUBDATE])

2025-07-14 13:54:20 - PMC search completed. Fetched 1201 results (max set to 3000).

2025-07-14 13:54:32 - Extracted 7951 figures from XML content.

2025-07-14 13:54:32 - Identified 2353 pathway figures.

2025-07-14 13:54:32 - Skipped 14 figures previously processed.

2025-07-14 13:54:32 - Processed 2339 pathway figures for download.

2025-07-14 14:16:53 - Failed to download image for PMC11118471__nihpp-2024.05.13.593788v2-f0005 after 3 attempts.

2025-07-14 14:17:00 - Failed to download image for PMC11118471__nihpp-2024.05.13.593788v2-f0006 after 3 attempts.

2025-07-14 14:17:08 - Failed to download image for PMC11118471__nihpp-2024.05.13.593788v2-f0007 after 3 attempts.

2025-07-14 14:30:27 - Failed to download image for PMC10862866__nihpp-2024.02.03.578714v2-f0004 after 3 attempts.

2025-07-14 14:30:34 - Failed to download image for PMC10862866__nihpp-2024.02.03.578714v2-f0006 after 3 attempts.

2025-07-14 14:41:05 - Failed to download image for PMC11142082__nihpp-2024.05.21.595191v2-f0002 after 3 attempts.

2025-07-14 14:41:12 - Failed to download image for PMC11142082__nihpp-2024.05.21.595191v2-f0003 after 3 attempts.

2025-07-14 14:41:20 - Failed to download image for PMC11142082__nihpp-2024.05.21.595191v2-f0005 after 3 attempts.

2025-07-14 14:41:48 - Failed to download image for PMC9949038__nihpp-2023.02.15.528365v3-f0005 after 3 attempts.

2025-07-14 14:41:55 - Failed to download image for PMC9949038__nihpp-2023.02.15.528365v3-f0006 after 3 attempts.

2025-07-14 14:42:03 - Failed to download image for PMC9949038__nihpp-2023.02.15.528365v3-f0007 after 3 attempts.

2025-07-14 14:54:13 - New pathway figures downloaded: 2328

2025-07-14 14:54:13 - NCBI PMC Figure Fetcher completed

2025-07-14 14:54:13 - ==========================================================

2025-07-14 14:54:29 - Starting NCBI PMC Figure Fetcher

2025-07-14 14:54:29 - Configuration loaded from query_config.yml

2025-07-14 14:54:29 - PMC search query: (((((((((((signaling pathway[Figure/Table Caption]) OR signalling pathway[Figure/Table Caption]) OR regulatory pathway[Figure/Table Caption]) OR disease pathway[Figure/Table Caption]) OR drug pathway[Figure/Table Caption]) OR metabolic pathway[Figure/Table Caption]) OR biosynthetic pathway[Figure/Table Caption]) OR synthesis pathway[Figure/Table Caption]) OR cancer pathway[Figure/Table Caption]) OR response pathway[Figure/Table Caption]) OR cycle pathway[Figure/Table Caption])) AND (2024/12/03[PUBDATE] : 2025/01/03[PUBDATE])

2025-07-14 14:54:52 - PMC search completed. Fetched 1285 results (max set to 3000).

2025-07-14 14:55:06 - Extracted 8623 figures from XML content.

2025-07-14 14:55:06 - Identified 2540 pathway figures.

2025-07-14 14:55:06 - Skipped 73 figures previously processed.

2025-07-14 14:55:06 - Processed 2467 pathway figures for download.

2025-07-14 15:02:48 - Failed to download image for PMC11852242__TEMI_A_2447620_F0003_OC after 3 attempts.

2025-07-14 15:02:55 - Failed to download image for PMC11852242__TEMI_A_2447620_F0006_OC after 3 attempts.

2025-07-14 15:34:21 - Failed to download image for PMC10635082__nihpp-2023.11.01.565218v2-f0001 after 3 attempts.

2025-07-14 15:34:29 - Failed to download image for PMC10635082__nihpp-2023.11.01.565218v2-f0003 after 3 attempts.

2025-07-14 15:34:36 - Failed to download image for PMC10635082__nihpp-2023.11.01.565218v2-f0006 after 3 attempts.

2025-07-14 15:57:19 - New pathway figures downloaded: 2462

2025-07-14 15:57:19 - NCBI PMC Figure Fetcher completed

2025-07-14 15:57:19 - ==========================================================

2025-07-14 15:57:25 - Starting NCBI PMC Figure Fetcher

2025-07-14 15:57:25 - Configuration loaded from query_config.yml

2025-07-14 15:57:25 - PMC search query: (((((((((((signaling pathway[Figure/Table Caption]) OR signalling pathway[Figure/Table Caption]) OR regulatory pathway[Figure/Table Caption]) OR disease pathway[Figure/Table Caption]) OR drug pathway[Figure/Table Caption]) OR metabolic pathway[Figure/Table Caption]) OR biosynthetic pathway[Figure/Table Caption]) OR synthesis pathway[Figure/Table Caption]) OR cancer pathway[Figure/Table Caption]) OR response pathway[Figure/Table Caption]) OR cycle pathway[Figure/Table Caption])) AND (2025/01/03[PUBDATE] : 2025/02/03[PUBDATE])

2025-07-14 15:57:48 - PMC search completed. Fetched 1266 results (max set to 3000).

2025-07-14 15:58:01 - Extracted 8655 figures from XML content.

2025-07-14 15:58:01 - Identified 2446 pathway figures.

2025-07-14 15:58:01 - Skipped 88 figures previously processed.

2025-07-14 15:58:01 - Processed 2358 pathway figures for download.

2025-07-14 16:00:02 - Failed to download image for PMC11852594__biomolecules-15-00223-g002 after 3 attempts.

2025-07-14 16:00:10 - Failed to download image for PMC11852594__biomolecules-15-00223-g003 after 3 attempts.

2025-07-14 16:01:44 - Failed to download image for PMC11852430__biomedicines-13-00327-g001 after 3 attempts.

2025-07-14 16:01:51 - Failed to download image for PMC11852430__biomedicines-13-00327-g002 after 3 attempts.

2025-07-14 16:01:59 - Failed to download image for PMC11852430__biomedicines-13-00327-g003 after 3 attempts.

2025-07-14 16:06:32 - Failed to download image for PMC11852151__antioxidants-14-00156-g004a after 3 attempts.

2025-07-14 16:06:40 - Failed to download image for PMC11852151__antioxidants-14-00156-g005 after 3 attempts.

2025-07-14 16:06:47 - Failed to download image for PMC11852151__antioxidants-14-00156-g010 after 3 attempts.

2025-07-14 16:06:55 - Failed to download image for PMC11852151__antioxidants-14-00156-g011 after 3 attempts.

2025-07-14 16:09:09 - Failed to download image for PMC11852166__bioengineering-12-00120-g004 after 3 attempts.

2025-07-14 16:12:50 - Failed to download image for PMC11852603__biomolecules-15-00165-g004 after 3 attempts.

2025-07-14 16:13:27 - Failed to download image for PMC11852436__biomedicines-13-00279-g002 after 3 attempts.

2025-07-14 16:15:18 - Failed to download image for PMC11092615__nihpp-2024.04.29.591726v2-f0002 after 3 attempts.

2025-07-14 16:17:14 - Failed to download image for PMC11851894__bioengineering-12-00096-g004a after 3 attempts.

2025-07-14 16:17:22 - Failed to download image for PMC11851894__bioengineering-12-00096-g005 after 3 attempts.

2025-07-14 16:17:30 - Failed to download image for PMC11851894__bioengineering-12-00096-g006 after 3 attempts.

2025-07-14 16:18:17 - Failed to download image for PMC11852140__biomedicines-13-00251-g003 after 3 attempts.

2025-07-14 16:18:25 - Failed to download image for PMC11852140__biomedicines-13-00251-g005 after 3 attempts.

2025-07-14 16:18:32 - Failed to download image for PMC11852140__biomedicines-13-00251-g007 after 3 attempts.

2025-07-14 16:18:41 - Failed to download image for PMC11852140__biomedicines-13-00251-g009 after 3 attempts.

2025-07-14 16:25:18 - Failed to download image for PMC11118447__nihpp-2024.05.11.593693v3-f0001 after 3 attempts.

2025-07-14 16:25:25 - Failed to download image for PMC11118447__nihpp-2024.05.11.593693v3-f0007 after 3 attempts.

2025-07-14 16:30:39 - Failed to download image for PMC11014553__nihpp-2024.04.04.588144v3-f0002 after 3 attempts.

2025-07-14 16:44:22 - New pathway figures downloaded: 2335

2025-07-14 16:44:22 - NCBI PMC Figure Fetcher completed

2025-07-14 16:44:22 - ==========================================================

2025-07-14 16:44:26 - Starting NCBI PMC Figure Fetcher

2025-07-14 16:44:26 - Configuration loaded from query_config.yml

2025-07-14 16:44:26 - PMC search query: (((((((((((signaling pathway[Figure/Table Caption]) OR signalling pathway[Figure/Table Caption]) OR regulatory pathway[Figure/Table Caption]) OR disease pathway[Figure/Table Caption]) OR drug pathway[Figure/Table Caption]) OR metabolic pathway[Figure/Table Caption]) OR biosynthetic pathway[Figure/Table Caption]) OR synthesis pathway[Figure/Table Caption]) OR cancer pathway[Figure/Table Caption]) OR response pathway[Figure/Table Caption]) OR cycle pathway[Figure/Table Caption])) AND (2025/02/03[PUBDATE] : 2025/03/03[PUBDATE])

2025-07-14 16:45:07 - PMC search completed. Fetched 1325 results (max set to 3000).

2025-07-14 16:45:21 - Extracted 9022 figures from XML content.

2025-07-14 16:45:21 - Identified 2675 pathway figures.

2025-07-14 16:45:21 - Skipped 111 figures previously processed.

2025-07-14 16:45:21 - Processed 2564 pathway figures for download.

2025-07-14 17:07:59 - Failed to download image for PMC11092657__nihpp-2024.05.01.592016v2-f0003 after 3 attempts.

2025-07-14 17:08:06 - Failed to download image for PMC11092657__nihpp-2024.05.01.592016v2-f0004 after 3 attempts.

2025-07-14 17:08:58 - Failed to download image for PMC11851913__animals-15-00581-g004 after 3 attempts.

2025-07-14 17:09:06 - Failed to download image for PMC11851913__animals-15-00581-g006 after 3 attempts.

2025-07-14 17:10:10 - Failed to download image for PMC10312744__nihpp-2023.06.16.545321v2-f0001 after 3 attempts.

2025-07-14 17:10:18 - Failed to download image for PMC10312744__nihpp-2023.06.16.545321v2-f0010 after 3 attempts.

2025-07-14 17:10:25 - Failed to download image for PMC10312744__nihpp-2023.06.16.545321v2-f0011 after 3 attempts.

2025-07-14 17:14:19 - Failed to download image for PMC11852681__biomedicines-13-00482-g007 after 3 attempts.

2025-07-14 17:16:23 - Failed to download image for PMC11852077__antioxidants-14-00217-g004 after 3 attempts.

2025-07-14 17:16:30 - Failed to download image for PMC11852077__antioxidants-14-00217-g005 after 3 attempts.

2025-07-14 17:16:39 - Failed to download image for PMC11852077__antioxidants-14-00217-g006 after 3 attempts.

2025-07-14 17:16:53 - Failed to download image for PMC11852077__antioxidants-14-00217-g007a after 3 attempts.

2025-07-14 17:17:39 - Failed to download image for PMC11852254__animals-15-00559-g005 after 3 attempts.

2025-07-14 17:18:20 - Failed to download image for PMC11852612__biomolecules-15-00285-g006 after 3 attempts.

2025-07-14 17:19:59 - Failed to download image for PMC11851988__antioxidants-14-00213-g001 after 3 attempts.

2025-07-14 17:21:43 - Failed to download image for PMC11852153__animals-15-00506-g010 after 3 attempts.

2025-07-14 17:23:14 - Failed to download image for PMC11852493__biomolecules-15-00263-g002 after 3 attempts.

2025-07-14 17:23:21 - Failed to download image for PMC11852493__biomolecules-15-00263-g003 after 3 attempts.

2025-07-14 17:23:29 - Failed to download image for PMC11852493__biomolecules-15-00263-g004 after 3 attempts.

2025-07-14 17:23:36 - Failed to download image for PMC11852493__biomolecules-15-00263-g005 after 3 attempts.

2025-07-14 17:23:44 - Failed to download image for PMC11852493__biomolecules-15-00263-g006 after 3 attempts.

2025-07-14 17:24:29 - Failed to download image for PMC11852052__biology-14-00184-g009 after 3 attempts.

2025-07-14 17:28:19 - Failed to download image for PMC11852789__biomolecules-15-00248-g002 after 3 attempts.

2025-07-14 17:28:26 - Failed to download image for PMC11852789__biomolecules-15-00248-g001 after 3 attempts.

2025-07-14 17:28:34 - Failed to download image for PMC11852789__biomolecules-15-00248-g004 after 3 attempts.

2025-07-14 17:38:20 - Failed to download image for PMC11852594__biomolecules-15-00223-g002 after 3 attempts.

2025-07-14 17:38:28 - Failed to download image for PMC11852594__biomolecules-15-00223-g003 after 3 attempts.

2025-07-14 17:38:41 - New pathway figures downloaded: 2537

2025-07-14 17:38:41 - NCBI PMC Figure Fetcher completed

2025-07-14 17:38:41 - ==========================================================

2025-07-14 17:38:54 - Starting NCBI PMC Figure Fetcher

2025-07-14 17:38:54 - Configuration loaded from query_config.yml

2025-07-14 17:38:54 - PMC search query: (((((((((((signaling pathway[Figure/Table Caption]) OR signalling pathway[Figure/Table Caption]) OR regulatory pathway[Figure/Table Caption]) OR disease pathway[Figure/Table Caption]) OR drug pathway[Figure/Table Caption]) OR metabolic pathway[Figure/Table Caption]) OR biosynthetic pathway[Figure/Table Caption]) OR synthesis pathway[Figure/Table Caption]) OR cancer pathway[Figure/Table Caption]) OR response pathway[Figure/Table Caption]) OR cycle pathway[Figure/Table Caption])) AND (2025/03/03[PUBDATE] : 2025/04/03[PUBDATE])

2025-07-14 17:39:21 - PMC search completed. Fetched 1461 results (max set to 3000).

2025-07-14 17:39:38 - Extracted 9749 figures from XML content.

2025-07-14 17:39:38 - Identified 2955 pathway figures.

2025-07-14 17:39:38 - Skipped 116 figures previously processed.

2025-07-14 17:39:38 - Processed 2839 pathway figures for download.

2025-07-14 18:44:53 - Failed to download image for PMC11188117__nihpp-2024.06.12.598563v3-f0002 after 3 attempts.

2025-07-14 18:45:01 - Failed to download image for PMC11188117__nihpp-2024.06.12.598563v3-f0004 after 3 attempts.

2025-07-14 18:45:08 - Failed to download image for PMC11188117__nihpp-2024.06.12.598563v3-f0005 after 3 attempts.

2025-07-14 18:45:15 - Failed to download image for PMC11188117__nihpp-2024.06.12.598563v3-f0006 after 3 attempts.

2025-07-14 18:45:24 - Failed to download image for PMC11188117__nihpp-2024.06.12.598563v3-f0007 after 3 attempts.

2025-07-14 18:48:59 - New pathway figures downloaded: 2834

2025-07-14 18:48:59 - NCBI PMC Figure Fetcher completed

2025-07-14 18:48:59 - ==========================================================

2025-07-14 19:50:23 - Starting NCBI PMC Figure Fetcher

2025-07-14 19:50:23 - Configuration loaded from query_config.yml

2025-07-14 19:50:23 - PMC search query: (((((((((((signaling pathway[Figure/Table Caption]) OR signalling pathway[Figure/Table Caption]) OR regulatory pathway[Figure/Table Caption]) OR disease pathway[Figure/Table Caption]) OR drug pathway[Figure/Table Caption]) OR metabolic pathway[Figure/Table Caption]) OR biosynthetic pathway[Figure/Table Caption]) OR synthesis pathway[Figure/Table Caption]) OR cancer pathway[Figure/Table Caption]) OR response pathway[Figure/Table Caption]) OR cycle pathway[Figure/Table Caption])) AND (2025/04/03[PUBDATE] : 2025/05/03[PUBDATE])

2025-07-14 19:50:48 - PMC search completed. Fetched 1344 results (max set to 3000).

2025-07-14 19:51:03 - Extracted 9115 figures from XML content.

2025-07-14 19:51:03 - Identified 2664 pathway figures.

2025-07-14 19:51:03 - Skipped 72 figures previously processed.

2025-07-14 19:51:03 - Processed 2592 pathway figures for download.

2025-07-14 20:40:36 - New pathway figures downloaded: 2592

2025-07-14 20:40:36 - NCBI PMC Figure Fetcher completed

2025-07-14 20:40:36 - ==========================================================

2025-07-14 21:04:32 - Starting NCBI PMC Figure Fetcher

2025-07-14 21:04:32 - Configuration loaded from query_config.yml

2025-07-14 21:04:32 - PMC search query: (((((((((((signaling pathway[Figure/Table Caption]) OR signalling pathway[Figure/Table Caption]) OR regulatory pathway[Figure/Table Caption]) OR disease pathway[Figure/Table Caption]) OR drug pathway[Figure/Table Caption]) OR metabolic pathway[Figure/Table Caption]) OR biosynthetic pathway[Figure/Table Caption]) OR synthesis pathway[Figure/Table Caption]) OR cancer pathway[Figure/Table Caption]) OR response pathway[Figure/Table Caption]) OR cycle pathway[Figure/Table Caption])) AND (2025/05/03[PUBDATE] : 2025/06/03[PUBDATE])

2025-07-14 21:04:57 - PMC search completed. Fetched 1352 results (max set to 3000).

2025-07-14 21:05:12 - Extracted 9110 figures from XML content.

2025-07-14 21:05:12 - Identified 2691 pathway figures.

2025-07-14 21:05:12 - Skipped 34 figures previously processed.

2025-07-14 21:05:12 - Processed 2657 pathway figures for download.

2025-07-14 21:22:34 - Failed to download image for PMC12139816__NA after 3 attempts.

2025-07-14 21:22:41 - Failed to download image for PMC12139816__NA after 3 attempts.

2025-07-14 21:22:48 - Failed to download image for PMC12139816__NA after 3 attempts.

2025-07-14 22:05:30 - New pathway figures downloaded: 2654

2025-07-14 22:05:30 - NCBI PMC Figure Fetcher completed

2025-07-14 22:05:30 - ==========================================================

2025-07-14 22:05:36 - Starting NCBI PMC Figure Fetcher

2025-07-14 22:05:36 - Configuration loaded from query_config.yml

2025-07-14 22:05:36 - Final stretch, then deactivating cycle.

2025-07-14 22:05:36 - PMC search query: (((((((((((signaling pathway[Figure/Table Caption]) OR signalling pathway[Figure/Table Caption]) OR regulatory pathway[Figure/Table Caption]) OR disease pathway[Figure/Table Caption]) OR drug pathway[Figure/Table Caption]) OR metabolic pathway[Figure/Table Caption]) OR biosynthetic pathway[Figure/Table Caption]) OR synthesis pathway[Figure/Table Caption]) OR cancer pathway[Figure/Table Caption]) OR response pathway[Figure/Table Caption]) OR cycle pathway[Figure/Table Caption])) AND (2025/06/03[PUBDATE] : 3000/01/01[PUBDATE])

2025-07-14 22:06:08 - PMC search completed. Fetched 1319 results (max set to 3000).

2025-07-14 22:06:23 - Extracted 8981 figures from XML content.

2025-07-14 22:06:23 - Identified 2677 pathway figures.

2025-07-14 22:06:23 - Skipped 102 figures previously processed.

2025-07-14 22:06:23 - Processed 2575 pathway figures for download.

2025-07-14 22:55:36 - Failed to download image for PMC10055258__nihpp-2023.03.20.533581v3-f0005 after 3 attempts.

2025-07-14 22:55:44 - Failed to download image for PMC10055258__nihpp-2023.03.20.533581v3-f0006 after 3 attempts.

2025-07-14 22:55:57 - New pathway figures downloaded: 2573

2025-07-14 22:55:57 - NCBI PMC Figure Fetcher completed

2025-07-14 22:55:57 - ==========================================================

