https://www.ncbi.nlm.nih.gov/pmc/?term=((((((((((((signaling+pathway)+OR+signalling+pathway)+OR+regulatory+pathway)+OR+disease+pathway)+OR+drug+pathway)+OR+metabolic+pathway)+OR+biosynthetic+pathway)+OR+synthesis+pathway)+OR+cancer+pathway)+OR+response+pathway)+OR+cycle+pathway))+AND+(2022/07/01[PUBDATE]+%3A+2022/08/01[PUBDATE])&report=imagesdocsum&dispmax=100

 2022/07/01[PUBDATE]+%3A+2022/08/01[PUBDATE] 

 42  pages of results
Page 1 of 42
 100 results
100 results (0 new figures)
Page 2 of 42
 100 results
100 results (0 new figures)
Page 3 of 42
 100 results
100 results (0 new figures)
Page 4 of 42
 100 results
100 results (0 new figures)
Page 5 of 42
 100 results
100 results (0 new figures)
Page 6 of 42
 100 results
100 results (0 new figures)
Page 7 of 42
 100 results
100 results (0 new figures)
Page 8 of 42
 100 results
100 results (0 new figures)
Page 9 of 42
 100 results
100 results (0 new figures)
Page 10 of 42
 100 results
100 results (0 new figures)
Page 11 of 42
 100 results
100 results (0 new figures)
Page 12 of 42
 100 results
100 results (0 new figures)
Page 13 of 42
 100 results
100 results (0 new figures)
Page 14 of 42
 100 results
100 results (0 new figures)
Page 15 of 42
 100 results
100 results (0 new figures)
Page 16 of 42
 100 results
100 results (0 new figures)
Page 17 of 42
 100 results
100 results (0 new figures)
Page 18 of 42
 100 results
100 results (0 new figures)
Page 19 of 42
 100 results
100 results (0 new figures)
Page 20 of 42
 100 results
100 results (0 new figures)
Page 21 of 42
 100 results
100 results (0 new figures)
Page 22 of 42
 100 results
100 results (0 new figures)
Page 23 of 42
 100 results
100 results (0 new figures)
Page 24 of 42
 100 results
100 results (0 new figures)
Page 25 of 42
 100 results
100 results (0 new figures)
Page 26 of 42
 100 results
100 results (0 new figures)
Page 27 of 42
 100 results
100 results (0 new figures)
Page 28 of 42
 100 results
100 results (0 new figures)
Page 29 of 42
 100 results
100 results (0 new figures)
Page 30 of 42
 100 results
100 results (0 new figures)
Page 31 of 42
 100 results
100 results (0 new figures)
Page 32 of 42
 100 results
100 results (0 new figures)
Page 33 of 42
 100 results
100 results (0 new figures)
Page 34 of 42
 100 results
100 results (0 new figures)
Page 35 of 42
 100 results
100 results (0 new figures)
Page 36 of 42
 100 results
100 results (0 new figures)
Page 37 of 42
 100 results
100 results (0 new figures)
Page 38 of 42
 100 results
100 results (0 new figures)
Page 39 of 42
 100 results
100 results (0 new figures)
Page 40 of 42
 100 results
100 results (0 new figures)
Page 41 of 42
 100 results
100 results (0 new figures)
Page 42 of 42
 17 results
17 results (0 new figures)

0 new figures total
